Flow report for elevador
Thu Nov 28 18:16:21 2024
Quartus Prime Version 21.1.0 Build 842 10/21/2021 SJ Lite Edition


---------------------
; Table of Contents ;
---------------------
  1. Legal Notice
  2. Flow Summary
  3. Flow Settings
  4. Flow Non-Default Global Settings
  5. Flow Elapsed Time
  6. Flow OS Summary
  7. Flow Log
  8. Flow Messages
  9. Flow Suppressed Messages



----------------
; Legal Notice ;
----------------
Copyright (C) 2021  Intel Corporation. All rights reserved.
Your use of Intel Corporation's design tools, logic functions 
and other software and tools, and any partner logic 
functions, and any output files from any of the foregoing 
(including device programming or simulation files), and any 
associated documentation or information are expressly subject 
to the terms and conditions of the Intel Program License 
Subscription Agreement, the Intel Quartus Prime License Agreement,
the Intel FPGA IP License Agreement, or other applicable license
agreement, including, without limitation, that your use is for
the sole purpose of programming logic devices manufactured by
Intel and sold by Intel or its authorized distributors.  Please
refer to the applicable agreement for further details, at
https://fpgasoftware.intel.com/eula.



+-------------------------------------------------------------------------------+
; Flow Summary                                                                  ;
+---------------------------------+---------------------------------------------+
; Flow Status                     ; Successful - Thu Nov 28 18:16:21 2024       ;
; Quartus Prime Version           ; 21.1.0 Build 842 10/21/2021 SJ Lite Edition ;
; Revision Name                   ; elevador                                    ;
; Top-level Entity Name           ; elevadorEsquematico                         ;
; Family                          ; Cyclone V                                   ;
; Device                          ; 5CEBA4F23C7                                 ;
; Timing Models                   ; Final                                       ;
; Logic utilization (in ALMs)     ; 1,148 / 18,480 ( 6 % )                      ;
; Total registers                 ; 67                                          ;
; Total pins                      ; 38 / 224 ( 17 % )                           ;
; Total virtual pins              ; 0                                           ;
; Total block memory bits         ; 0 / 3,153,920 ( 0 % )                       ;
; Total DSP Blocks                ; 0 / 66 ( 0 % )                              ;
; Total HSSI RX PCSs              ; 0                                           ;
; Total HSSI PMA RX Deserializers ; 0                                           ;
; Total HSSI TX PCSs              ; 0                                           ;
; Total HSSI PMA TX Serializers   ; 0                                           ;
; Total PLLs                      ; 0 / 4 ( 0 % )                               ;
; Total DLLs                      ; 0 / 4 ( 0 % )                               ;
+---------------------------------+---------------------------------------------+


+-----------------------------------------+
; Flow Settings                           ;
+-------------------+---------------------+
; Option            ; Setting             ;
+-------------------+---------------------+
; Start date & time ; 11/28/2024 16:23:21 ;
; Main task         ; Compilation         ;
; Revision Name     ; elevador            ;
+-------------------+---------------------+


+---------------------------------------------------------------------------------------------------------------------------------+
; Flow Non-Default Global Settings                                                                                                ;
+-------------------------------------+----------------------------------------+---------------+---------------------+------------+
; Assignment Name                     ; Value                                  ; Default Value ; Entity Name         ; Section Id ;
+-------------------------------------+----------------------------------------+---------------+---------------------+------------+
; COMPILER_SIGNATURE_ID               ; 27020734935177.173282180105016         ; --            ; --                  ; --         ;
; MAX_CORE_JUNCTION_TEMP              ; 85                                     ; --            ; --                  ; --         ;
; MIN_CORE_JUNCTION_TEMP              ; 0                                      ; --            ; --                  ; --         ;
; PARTITION_COLOR                     ; -- (Not supported for targeted family) ; --            ; elevadorEsquematico ; Top        ;
; PARTITION_FITTER_PRESERVATION_LEVEL ; -- (Not supported for targeted family) ; --            ; elevadorEsquematico ; Top        ;
; PARTITION_NETLIST_TYPE              ; -- (Not supported for targeted family) ; --            ; elevadorEsquematico ; Top        ;
; PROJECT_OUTPUT_DIRECTORY            ; output_files                           ; --            ; --                  ; --         ;
; TOP_LEVEL_ENTITY                    ; elevadorEsquematico                    ; elevador      ; --                  ; --         ;
+-------------------------------------+----------------------------------------+---------------+---------------------+------------+


+--------------------------------------------------------------------------------------------------------------------------+
; Flow Elapsed Time                                                                                                        ;
+----------------------+--------------+-------------------------+---------------------+------------------------------------+
; Module Name          ; Elapsed Time ; Average Processors Used ; Peak Virtual Memory ; Total CPU Time (on all processors) ;
+----------------------+--------------+-------------------------+---------------------+------------------------------------+
; Analysis & Synthesis ; 00:00:11     ; 1.0                     ; 4993 MB             ; 00:00:19                           ;
; Fitter               ; 00:04:44     ; 1.0                     ; 6850 MB             ; 00:21:44                           ;
; Assembler            ; 00:00:03     ; 1.0                     ; 5015 MB             ; 00:00:03                           ;
; Timing Analyzer      ; 00:00:05     ; 2.5                     ; 5340 MB             ; 00:00:09                           ;
; EDA Netlist Writer   ; 00:00:01     ; 1.0                     ; 4753 MB             ; 00:00:01                           ;
; EDA Netlist Writer   ; 00:00:00     ; 1.0                     ; 4754 MB             ; 00:00:01                           ;
; EDA Netlist Writer   ; 00:00:01     ; 1.0                     ; 4753 MB             ; 00:00:01                           ;
; EDA Netlist Writer   ; 00:00:01     ; 1.0                     ; 4754 MB             ; 00:00:01                           ;
; EDA Netlist Writer   ; 00:00:01     ; 1.0                     ; 4753 MB             ; 00:00:01                           ;
; EDA Netlist Writer   ; 00:00:01     ; 1.0                     ; 4754 MB             ; 00:00:01                           ;
; Total                ; 00:05:08     ; --                      ; --                  ; 00:22:21                           ;
+----------------------+--------------+-------------------------+---------------------+------------------------------------+


+------------------------------------------------------------------------------------+
; Flow OS Summary                                                                    ;
+----------------------+------------------+------------+------------+----------------+
; Module Name          ; Machine Hostname ; OS Name    ; OS Version ; Processor type ;
+----------------------+------------------+------------+------------+----------------+
; Analysis & Synthesis ; BOOK-F87K74GTP4  ; Windows 10 ; 10.0       ; x86_64         ;
; Fitter               ; BOOK-F87K74GTP4  ; Windows 10 ; 10.0       ; x86_64         ;
; Assembler            ; BOOK-F87K74GTP4  ; Windows 10 ; 10.0       ; x86_64         ;
; Timing Analyzer      ; BOOK-F87K74GTP4  ; Windows 10 ; 10.0       ; x86_64         ;
; EDA Netlist Writer   ; BOOK-F87K74GTP4  ; Windows 10 ; 10.0       ; x86_64         ;
; EDA Netlist Writer   ; BOOK-F87K74GTP4  ; Windows 10 ; 10.0       ; x86_64         ;
; EDA Netlist Writer   ; BOOK-F87K74GTP4  ; Windows 10 ; 10.0       ; x86_64         ;
; EDA Netlist Writer   ; BOOK-F87K74GTP4  ; Windows 10 ; 10.0       ; x86_64         ;
; EDA Netlist Writer   ; BOOK-F87K74GTP4  ; Windows 10 ; 10.0       ; x86_64         ;
; EDA Netlist Writer   ; BOOK-F87K74GTP4  ; Windows 10 ; 10.0       ; x86_64         ;
+----------------------+------------------+------------+------------+----------------+


------------
; Flow Log ;
------------
quartus_map --read_settings_files=on --write_settings_files=off elevador -c elevador
quartus_fit --read_settings_files=off --write_settings_files=off elevador -c elevador
quartus_asm --read_settings_files=off --write_settings_files=off elevador -c elevador
quartus_sta elevador -c elevador
quartus_eda --gen_testbench --tool=modelsim_oem --format=vhdl --write_settings_files=off elevador -c elevador --vector_source=C:/USP/PSD/ELEVADOR/Waveform5.vwf --testbench_file=C:/USP/PSD/ELEVADOR/simulation/qsim/Waveform5.vwf.vht
quartus_eda --write_settings_files=off --simulation=on --functional=on --flatten_buses=off --tool=modelsim_oem --format=vhdl --output_directory=C:/USP/PSD/ELEVADOR/simulation/qsim/ elevador -c elevador
quartus_eda --gen_testbench --tool=modelsim_oem --format=vhdl --write_settings_files=off elevador -c elevador --vector_source=C:/USP/PSD/ELEVADOR/Waveform5.vwf --testbench_file=C:/USP/PSD/ELEVADOR/simulation/qsim/Waveform5.vwf.vht
quartus_eda --write_settings_files=off --simulation=on --functional=on --flatten_buses=off --tool=modelsim_oem --format=vhdl --output_directory=C:/USP/PSD/ELEVADOR/simulation/qsim/ elevador -c elevador
quartus_eda --gen_testbench --tool=modelsim_oem --format=vhdl --write_settings_files=off elevador -c elevador --vector_source=C:/USP/PSD/ELEVADOR/Waveform5.vwf --testbench_file=C:/USP/PSD/ELEVADOR/simulation/qsim/Waveform5.vwf.vht
quartus_eda --write_settings_files=off --simulation=on --functional=on --flatten_buses=off --tool=modelsim_oem --format=vhdl --output_directory=C:/USP/PSD/ELEVADOR/simulation/qsim/ elevador -c elevador



